<?xml version="1.0" encoding="UTF-8"?>
<testsuite name="org.nihat.MainTest" tests="2" skipped="0" failures="0" errors="0" timestamp="2022-09-28T11:01:29" hostname="bhospc-HP" time="0.056">
  <properties/>
  <testcase name="testSetMCurrentLevel()" classname="org.nihat.MainTest" time="0.053"/>
  <testcase name="testGetMCurrentLevel()" classname="org.nihat.MainTest" time="0.002"/>
  <system-out><![CDATA[]]></system-out>
  <system-err><![CDATA[]]></system-err>
</testsuite>
